{"C:\\Users\\andres.tejero\\Documents\\Proyectos NodeJS\\ApiTraks\\app.js": {"path":"C:\\Users\\andres.tejero\\Documents\\Proyectos NodeJS\\ApiTraks\\app.js","statementMap":{"0":{"start":{"line":2,"column":16},"end":{"line":2,"column":34}},"1":{"start":{"line":3,"column":13},"end":{"line":3,"column":28}},"2":{"start":{"line":4,"column":29},"end":{"line":4,"column":54}},"3":{"start":{"line":5,"column":18},"end":{"line":5,"column":47}},"4":{"start":{"line":6,"column":0},"end":{"line":6,"column":27}},"5":{"start":{"line":7,"column":18},"end":{"line":7,"column":46}},"6":{"start":{"line":10,"column":17},"end":{"line":10,"column":54}},"7":{"start":{"line":12,"column":12},"end":{"line":12,"column":21}},"8":{"start":{"line":13,"column":0},"end":{"line":13,"column":16}},"9":{"start":{"line":16,"column":0},"end":{"line":16,"column":24}},"10":{"start":{"line":19,"column":0},"end":{"line":19,"column":35}},"11":{"start":{"line":22,"column":0},"end":{"line":22,"column":36}},"12":{"start":{"line":25,"column":0},"end":{"line":25,"column":76}},"13":{"start":{"line":28,"column":13},"end":{"line":28,"column":37}},"14":{"start":{"line":30,"column":0},"end":{"line":33,"column":3}},"15":{"start":{"line":31,"column":4},"end":{"line":33,"column":3}},"16":{"start":{"line":32,"column":8},"end":{"line":32,"column":53}},"17":{"start":{"line":35,"column":0},"end":{"line":35,"column":12}},"18":{"start":{"line":38,"column":0},"end":{"line":38,"column":21}}},"fnMap":{"0":{"name":"(anonymous_0)","decl":{"start":{"line":31,"column":21},"end":{"line":31,"column":22}},"loc":{"start":{"line":31,"column":27},"end":{"line":33,"column":1}},"line":31}},"branchMap":{"0":{"loc":{"start":{"line":10,"column":17},"end":{"line":10,"column":54}},"type":"binary-expr","locations":[{"start":{"line":10,"column":17},"end":{"line":10,"column":37}},{"start":{"line":10,"column":41},"end":{"line":10,"column":54}}],"line":10},"1":{"loc":{"start":{"line":28,"column":13},"end":{"line":28,"column":37}},"type":"binary-expr","locations":[{"start":{"line":28,"column":13},"end":{"line":28,"column":29}},{"start":{"line":28,"column":33},"end":{"line":28,"column":37}}],"line":28},"2":{"loc":{"start":{"line":30,"column":0},"end":{"line":33,"column":3}},"type":"if","locations":[{"start":{"line":30,"column":0},"end":{"line":33,"column":3}},{"start":{},"end":{}}],"line":30}},"s":{"0":2,"1":2,"2":2,"3":2,"4":2,"5":2,"6":2,"7":2,"8":2,"9":2,"10":2,"11":2,"12":2,"13":2,"14":2,"15":0,"16":0,"17":2,"18":2},"f":{"0":0},"b":{"0":[2,0],"1":[2,0],"2":[0,2]},"_coverageSchema":"1a1c01bbd47fc00a2c39e90264f33305004495a9","hash":"de03ec7b647ba20238257747682642714edc99ea"}
,"C:\\Users\\andres.tejero\\Documents\\Proyectos NodeJS\\ApiTraks\\config\\mongo.js": {"path":"C:\\Users\\andres.tejero\\Documents\\Proyectos NodeJS\\ApiTraks\\config\\mongo.js","statementMap":{"0":{"start":{"line":2,"column":17},"end":{"line":2,"column":36}},"1":{"start":{"line":4,"column":17},"end":{"line":4,"column":37}},"2":{"start":{"line":6,"column":18},"end":{"line":21,"column":1}},"3":{"start":{"line":7,"column":19},"end":{"line":7,"column":86}},"4":{"start":{"line":8,"column":4},"end":{"line":20,"column":7}},"5":{"start":{"line":15,"column":12},"end":{"line":19,"column":13}},"6":{"start":{"line":16,"column":16},"end":{"line":16,"column":48}},"7":{"start":{"line":18,"column":16},"end":{"line":18,"column":74}},"8":{"start":{"line":23,"column":0},"end":{"line":23,"column":27}}},"fnMap":{"0":{"name":"(anonymous_0)","decl":{"start":{"line":6,"column":18},"end":{"line":6,"column":19}},"loc":{"start":{"line":6,"column":24},"end":{"line":21,"column":1}},"line":6},"1":{"name":"(anonymous_1)","decl":{"start":{"line":14,"column":5},"end":{"line":14,"column":6}},"loc":{"start":{"line":14,"column":21},"end":{"line":20,"column":5}},"line":14}},"branchMap":{"0":{"loc":{"start":{"line":7,"column":19},"end":{"line":7,"column":86}},"type":"cond-expr","locations":[{"start":{"line":7,"column":42},"end":{"line":7,"column":65}},{"start":{"line":7,"column":68},"end":{"line":7,"column":86}}],"line":7},"1":{"loc":{"start":{"line":15,"column":12},"end":{"line":19,"column":13}},"type":"if","locations":[{"start":{"line":15,"column":12},"end":{"line":19,"column":13}},{"start":{"line":17,"column":17},"end":{"line":19,"column":13}}],"line":15}},"s":{"0":2,"1":2,"2":2,"3":2,"4":2,"5":2,"6":2,"7":0,"8":2},"f":{"0":2,"1":2},"b":{"0":[2,0],"1":[2,0]},"_coverageSchema":"1a1c01bbd47fc00a2c39e90264f33305004495a9","hash":"2b0bc7a9b2a09416484864bda93e48fc1b0a0683"}
,"C:\\Users\\andres.tejero\\Documents\\Proyectos NodeJS\\ApiTraks\\controllers\\auth.js": {"path":"C:\\Users\\andres.tejero\\Documents\\Proyectos NodeJS\\ApiTraks\\controllers\\auth.js","statementMap":{"0":{"start":{"line":1,"column":24},"end":{"line":1,"column":52}},"1":{"start":{"line":2,"column":22},"end":{"line":2,"column":51}},"2":{"start":{"line":3,"column":29},"end":{"line":3,"column":63}},"3":{"start":{"line":4,"column":28},"end":{"line":4,"column":59}},"4":{"start":{"line":5,"column":22},"end":{"line":5,"column":42}},"5":{"start":{"line":6,"column":10},"end":{"line":6,"column":28}},"6":{"start":{"line":8,"column":17},"end":{"line":33,"column":1}},"7":{"start":{"line":9,"column":4},"end":{"line":32,"column":5}},"8":{"start":{"line":10,"column":8},"end":{"line":10,"column":31}},"9":{"start":{"line":11,"column":26},"end":{"line":11,"column":66}},"10":{"start":{"line":12,"column":8},"end":{"line":14,"column":9}},"11":{"start":{"line":13,"column":11},"end":{"line":13,"column":89}},"12":{"start":{"line":16,"column":25},"end":{"line":16,"column":52}},"13":{"start":{"line":18,"column":21},"end":{"line":18,"column":41}},"14":{"start":{"line":19,"column":25},"end":{"line":19,"column":53}},"15":{"start":{"line":21,"column":8},"end":{"line":21,"column":63}},"16":{"start":{"line":24,"column":21},"end":{"line":27,"column":9}},"17":{"start":{"line":29,"column":8},"end":{"line":29,"column":24}},"18":{"start":{"line":31,"column":8},"end":{"line":31,"column":82}},"19":{"start":{"line":35,"column":14},"end":{"line":64,"column":1}},"20":{"start":{"line":36,"column":4},"end":{"line":63,"column":5}},"21":{"start":{"line":37,"column":8},"end":{"line":37,"column":31}},"22":{"start":{"line":39,"column":21},"end":{"line":39,"column":99}},"23":{"start":{"line":40,"column":8},"end":{"line":43,"column":9}},"24":{"start":{"line":41,"column":12},"end":{"line":41,"column":62}},"25":{"start":{"line":42,"column":12},"end":{"line":42,"column":18}},"26":{"start":{"line":45,"column":29},"end":{"line":45,"column":42}},"27":{"start":{"line":46,"column":22},"end":{"line":46,"column":63}},"28":{"start":{"line":48,"column":8},"end":{"line":51,"column":9}},"29":{"start":{"line":49,"column":12},"end":{"line":49,"column":63}},"30":{"start":{"line":50,"column":12},"end":{"line":50,"column":18}},"31":{"start":{"line":53,"column":8},"end":{"line":53,"column":57}},"32":{"start":{"line":55,"column":21},"end":{"line":58,"column":9}},"33":{"start":{"line":59,"column":8},"end":{"line":59,"column":25}},"34":{"start":{"line":62,"column":8},"end":{"line":62,"column":67}},"35":{"start":{"line":66,"column":0},"end":{"line":66,"column":37}}},"fnMap":{"0":{"name":"(anonymous_0)","decl":{"start":{"line":8,"column":17},"end":{"line":8,"column":18}},"loc":{"start":{"line":8,"column":37},"end":{"line":33,"column":1}},"line":8},"1":{"name":"(anonymous_1)","decl":{"start":{"line":35,"column":14},"end":{"line":35,"column":15}},"loc":{"start":{"line":35,"column":34},"end":{"line":64,"column":1}},"line":35}},"branchMap":{"0":{"loc":{"start":{"line":12,"column":8},"end":{"line":14,"column":9}},"type":"if","locations":[{"start":{"line":12,"column":8},"end":{"line":14,"column":9}},{"start":{},"end":{}}],"line":12},"1":{"loc":{"start":{"line":40,"column":8},"end":{"line":43,"column":9}},"type":"if","locations":[{"start":{"line":40,"column":8},"end":{"line":43,"column":9}},{"start":{},"end":{}}],"line":40},"2":{"loc":{"start":{"line":48,"column":8},"end":{"line":51,"column":9}},"type":"if","locations":[{"start":{"line":48,"column":8},"end":{"line":51,"column":9}},{"start":{},"end":{}}],"line":48}},"s":{"0":2,"1":2,"2":2,"3":2,"4":2,"5":2,"6":2,"7":1,"8":1,"9":1,"10":1,"11":1,"12":0,"13":0,"14":0,"15":0,"16":0,"17":0,"18":0,"19":2,"20":1,"21":1,"22":1,"23":1,"24":1,"25":1,"26":0,"27":0,"28":0,"29":0,"30":0,"31":0,"32":0,"33":0,"34":0,"35":2},"f":{"0":1,"1":1},"b":{"0":[1,0],"1":[1,0],"2":[0,0]},"_coverageSchema":"1a1c01bbd47fc00a2c39e90264f33305004495a9","hash":"8cad87c4c9b524eba951a83c71227c50d5b55964"}
,"C:\\Users\\andres.tejero\\Documents\\Proyectos NodeJS\\ApiTraks\\controllers\\storage.js": {"path":"C:\\Users\\andres.tejero\\Documents\\Proyectos NodeJS\\ApiTraks\\controllers\\storage.js","statementMap":{"0":{"start":{"line":1,"column":24},"end":{"line":1,"column":52}},"1":{"start":{"line":2,"column":25},"end":{"line":2,"column":45}},"2":{"start":{"line":3,"column":28},"end":{"line":3,"column":59}},"3":{"start":{"line":4,"column":15},"end":{"line":4,"column":41}},"4":{"start":{"line":5,"column":11},"end":{"line":5,"column":24}},"5":{"start":{"line":7,"column":19},"end":{"line":7,"column":41}},"6":{"start":{"line":8,"column":19},"end":{"line":8,"column":44}},"7":{"start":{"line":10,"column":17},"end":{"line":17,"column":1}},"8":{"start":{"line":11,"column":2},"end":{"line":16,"column":3}},"9":{"start":{"line":12,"column":17},"end":{"line":12,"column":44}},"10":{"start":{"line":13,"column":4},"end":{"line":13,"column":19}},"11":{"start":{"line":15,"column":4},"end":{"line":15,"column":70}},"12":{"start":{"line":19,"column":16},"end":{"line":27,"column":1}},"13":{"start":{"line":20,"column":4},"end":{"line":26,"column":5}},"14":{"start":{"line":21,"column":23},"end":{"line":21,"column":39}},"15":{"start":{"line":22,"column":21},"end":{"line":22,"column":52}},"16":{"start":{"line":23,"column":8},"end":{"line":23,"column":23}},"17":{"start":{"line":25,"column":8},"end":{"line":25,"column":60}},"18":{"start":{"line":29,"column":19},"end":{"line":42,"column":1}},"19":{"start":{"line":30,"column":2},"end":{"line":41,"column":3}},"20":{"start":{"line":31,"column":21},"end":{"line":31,"column":24}},"21":{"start":{"line":32,"column":21},"end":{"line":35,"column":5}},"22":{"start":{"line":37,"column":17},"end":{"line":37,"column":52}},"23":{"start":{"line":38,"column":4},"end":{"line":38,"column":19}},"24":{"start":{"line":40,"column":4},"end":{"line":40,"column":67}},"25":{"start":{"line":44,"column":19},"end":{"line":50,"column":1}},"26":{"start":{"line":45,"column":2},"end":{"line":49,"column":3}},"27":{"start":{"line":48,"column":4},"end":{"line":48,"column":59}},"28":{"start":{"line":52,"column":19},"end":{"line":71,"column":1}},"29":{"start":{"line":53,"column":4},"end":{"line":70,"column":3}},"30":{"start":{"line":55,"column":23},"end":{"line":55,"column":33}},"31":{"start":{"line":56,"column":21},"end":{"line":56,"column":52}},"32":{"start":{"line":57,"column":25},"end":{"line":57,"column":57}},"33":{"start":{"line":59,"column":8},"end":{"line":59,"column":43}},"34":{"start":{"line":61,"column":8},"end":{"line":61,"column":32}},"35":{"start":{"line":62,"column":23},"end":{"line":65,"column":9}},"36":{"start":{"line":67,"column":8},"end":{"line":67,"column":33}},"37":{"start":{"line":69,"column":4},"end":{"line":69,"column":72}},"38":{"start":{"line":73,"column":0},"end":{"line":73,"column":75}}},"fnMap":{"0":{"name":"(anonymous_0)","decl":{"start":{"line":10,"column":17},"end":{"line":10,"column":18}},"loc":{"start":{"line":10,"column":37},"end":{"line":17,"column":1}},"line":10},"1":{"name":"(anonymous_1)","decl":{"start":{"line":19,"column":16},"end":{"line":19,"column":17}},"loc":{"start":{"line":19,"column":36},"end":{"line":27,"column":1}},"line":19},"2":{"name":"(anonymous_2)","decl":{"start":{"line":29,"column":19},"end":{"line":29,"column":20}},"loc":{"start":{"line":29,"column":39},"end":{"line":42,"column":1}},"line":29},"3":{"name":"(anonymous_3)","decl":{"start":{"line":44,"column":19},"end":{"line":44,"column":20}},"loc":{"start":{"line":44,"column":39},"end":{"line":50,"column":1}},"line":44},"4":{"name":"(anonymous_4)","decl":{"start":{"line":52,"column":19},"end":{"line":52,"column":20}},"loc":{"start":{"line":52,"column":39},"end":{"line":71,"column":1}},"line":52}},"branchMap":{},"s":{"0":2,"1":2,"2":2,"3":2,"4":2,"5":2,"6":2,"7":2,"8":1,"9":1,"10":1,"11":0,"12":2,"13":0,"14":0,"15":0,"16":0,"17":0,"18":2,"19":0,"20":0,"21":0,"22":0,"23":0,"24":0,"25":2,"26":0,"27":0,"28":2,"29":0,"30":0,"31":0,"32":0,"33":0,"34":0,"35":0,"36":0,"37":0,"38":2},"f":{"0":1,"1":0,"2":0,"3":0,"4":0},"b":{},"_coverageSchema":"1a1c01bbd47fc00a2c39e90264f33305004495a9","hash":"9f6c973d33c828620a654da3ca8a083d26e32dc2"}
,"C:\\Users\\andres.tejero\\Documents\\Proyectos NodeJS\\ApiTraks\\controllers\\tracks.js": {"path":"C:\\Users\\andres.tejero\\Documents\\Proyectos NodeJS\\ApiTraks\\controllers\\tracks.js","statementMap":{"0":{"start":{"line":2,"column":24},"end":{"line":2,"column":52}},"1":{"start":{"line":3,"column":24},"end":{"line":3,"column":44}},"2":{"start":{"line":4,"column":28},"end":{"line":4,"column":59}},"3":{"start":{"line":6,"column":17},"end":{"line":14,"column":1}},"4":{"start":{"line":8,"column":4},"end":{"line":13,"column":5}},"5":{"start":{"line":9,"column":21},"end":{"line":9,"column":54}},"6":{"start":{"line":10,"column":8},"end":{"line":10,"column":23}},"7":{"start":{"line":12,"column":8},"end":{"line":12,"column":76}},"8":{"start":{"line":16,"column":16},"end":{"line":24,"column":1}},"9":{"start":{"line":17,"column":4},"end":{"line":23,"column":5}},"10":{"start":{"line":18,"column":21},"end":{"line":18,"column":31}},"11":{"start":{"line":19,"column":21},"end":{"line":19,"column":54}},"12":{"start":{"line":20,"column":8},"end":{"line":20,"column":23}},"13":{"start":{"line":22,"column":8},"end":{"line":22,"column":62}},"14":{"start":{"line":26,"column":19},"end":{"line":35,"column":1}},"15":{"start":{"line":27,"column":4},"end":{"line":34,"column":5}},"16":{"start":{"line":29,"column":21},"end":{"line":29,"column":37}},"17":{"start":{"line":30,"column":21},"end":{"line":30,"column":51}},"18":{"start":{"line":31,"column":8},"end":{"line":31,"column":23}},"19":{"start":{"line":33,"column":8},"end":{"line":33,"column":58}},"20":{"start":{"line":37,"column":19},"end":{"line":52,"column":1}},"21":{"start":{"line":38,"column":4},"end":{"line":51,"column":5}},"22":{"start":{"line":40,"column":31},"end":{"line":40,"column":47}},"23":{"start":{"line":41,"column":21},"end":{"line":47,"column":9}},"24":{"start":{"line":48,"column":8},"end":{"line":48,"column":25}},"25":{"start":{"line":50,"column":8},"end":{"line":50,"column":63}},"26":{"start":{"line":54,"column":19},"end":{"line":64,"column":1}},"27":{"start":{"line":55,"column":4},"end":{"line":63,"column":5}},"28":{"start":{"line":57,"column":21},"end":{"line":57,"column":24}},"29":{"start":{"line":59,"column":21},"end":{"line":59,"column":55}},"30":{"start":{"line":60,"column":8},"end":{"line":60,"column":25}},"31":{"start":{"line":62,"column":8},"end":{"line":62,"column":61}},"32":{"start":{"line":66,"column":0},"end":{"line":66,"column":75}}},"fnMap":{"0":{"name":"(anonymous_0)","decl":{"start":{"line":6,"column":17},"end":{"line":6,"column":18}},"loc":{"start":{"line":6,"column":37},"end":{"line":14,"column":1}},"line":6},"1":{"name":"(anonymous_1)","decl":{"start":{"line":16,"column":16},"end":{"line":16,"column":17}},"loc":{"start":{"line":16,"column":36},"end":{"line":24,"column":1}},"line":16},"2":{"name":"(anonymous_2)","decl":{"start":{"line":26,"column":19},"end":{"line":26,"column":20}},"loc":{"start":{"line":26,"column":39},"end":{"line":35,"column":1}},"line":26},"3":{"name":"(anonymous_3)","decl":{"start":{"line":37,"column":19},"end":{"line":37,"column":20}},"loc":{"start":{"line":37,"column":39},"end":{"line":52,"column":1}},"line":37},"4":{"name":"(anonymous_4)","decl":{"start":{"line":54,"column":19},"end":{"line":54,"column":20}},"loc":{"start":{"line":54,"column":39},"end":{"line":64,"column":1}},"line":54}},"branchMap":{},"s":{"0":2,"1":2,"2":2,"3":2,"4":0,"5":0,"6":0,"7":0,"8":2,"9":0,"10":0,"11":0,"12":0,"13":0,"14":2,"15":0,"16":0,"17":0,"18":0,"19":0,"20":2,"21":0,"22":0,"23":0,"24":0,"25":0,"26":2,"27":0,"28":0,"29":0,"30":0,"31":0,"32":2},"f":{"0":0,"1":0,"2":0,"3":0,"4":0},"b":{},"_coverageSchema":"1a1c01bbd47fc00a2c39e90264f33305004495a9","hash":"242af67c7390fee9f30f7385db24dc0ebeab8e35"}
,"C:\\Users\\andres.tejero\\Documents\\Proyectos NodeJS\\ApiTraks\\controllers\\users.js": {"path":"C:\\Users\\andres.tejero\\Documents\\Proyectos NodeJS\\ApiTraks\\controllers\\users.js","statementMap":{"0":{"start":{"line":3,"column":18},"end":{"line":3,"column":36}},"1":{"start":{"line":4,"column":10},"end":{"line":4,"column":28}},"2":{"start":{"line":5,"column":24},"end":{"line":5,"column":52}},"3":{"start":{"line":6,"column":22},"end":{"line":6,"column":42}},"4":{"start":{"line":7,"column":28},"end":{"line":7,"column":59}},"5":{"start":{"line":9,"column":18},"end":{"line":18,"column":1}},"6":{"start":{"line":11,"column":4},"end":{"line":17,"column":5}},"7":{"start":{"line":12,"column":22},"end":{"line":12,"column":46}},"8":{"start":{"line":13,"column":8},"end":{"line":13,"column":23}},"9":{"start":{"line":16,"column":8},"end":{"line":16,"column":75}},"10":{"start":{"line":20,"column":16},"end":{"line":28,"column":1}},"11":{"start":{"line":21,"column":4},"end":{"line":27,"column":5}},"12":{"start":{"line":22,"column":23},"end":{"line":22,"column":33}},"13":{"start":{"line":23,"column":21},"end":{"line":23,"column":49}},"14":{"start":{"line":24,"column":8},"end":{"line":24,"column":23}},"15":{"start":{"line":26,"column":8},"end":{"line":26,"column":73}},"16":{"start":{"line":30,"column":19},"end":{"line":40,"column":1}},"17":{"start":{"line":31,"column":4},"end":{"line":39,"column":5}},"18":{"start":{"line":33,"column":8},"end":{"line":33,"column":31}},"19":{"start":{"line":34,"column":21},"end":{"line":34,"column":46}},"20":{"start":{"line":35,"column":8},"end":{"line":35,"column":37}},"21":{"start":{"line":36,"column":8},"end":{"line":36,"column":23}},"22":{"start":{"line":38,"column":8},"end":{"line":38,"column":69}},"23":{"start":{"line":42,"column":19},"end":{"line":67,"column":1}},"24":{"start":{"line":43,"column":4},"end":{"line":66,"column":5}},"25":{"start":{"line":45,"column":31},"end":{"line":45,"column":47}},"26":{"start":{"line":46,"column":21},"end":{"line":46,"column":49}},"27":{"start":{"line":47,"column":8},"end":{"line":49,"column":9}},"28":{"start":{"line":48,"column":12},"end":{"line":48,"column":85}},"29":{"start":{"line":51,"column":21},"end":{"line":62,"column":9}},"30":{"start":{"line":63,"column":8},"end":{"line":63,"column":25}},"31":{"start":{"line":65,"column":8},"end":{"line":65,"column":76}},"32":{"start":{"line":69,"column":19},"end":{"line":79,"column":1}},"33":{"start":{"line":70,"column":4},"end":{"line":78,"column":5}},"34":{"start":{"line":72,"column":21},"end":{"line":72,"column":24}},"35":{"start":{"line":74,"column":21},"end":{"line":74,"column":53}},"36":{"start":{"line":75,"column":8},"end":{"line":75,"column":25}},"37":{"start":{"line":77,"column":8},"end":{"line":77,"column":61}},"38":{"start":{"line":81,"column":0},"end":{"line":81,"column":74}}},"fnMap":{"0":{"name":"(anonymous_0)","decl":{"start":{"line":9,"column":18},"end":{"line":9,"column":19}},"loc":{"start":{"line":9,"column":38},"end":{"line":18,"column":1}},"line":9},"1":{"name":"(anonymous_1)","decl":{"start":{"line":20,"column":16},"end":{"line":20,"column":17}},"loc":{"start":{"line":20,"column":36},"end":{"line":28,"column":1}},"line":20},"2":{"name":"(anonymous_2)","decl":{"start":{"line":30,"column":19},"end":{"line":30,"column":20}},"loc":{"start":{"line":30,"column":39},"end":{"line":40,"column":1}},"line":30},"3":{"name":"(anonymous_3)","decl":{"start":{"line":42,"column":19},"end":{"line":42,"column":20}},"loc":{"start":{"line":42,"column":39},"end":{"line":67,"column":1}},"line":42},"4":{"name":"(anonymous_4)","decl":{"start":{"line":69,"column":19},"end":{"line":69,"column":20}},"loc":{"start":{"line":69,"column":39},"end":{"line":79,"column":1}},"line":69}},"branchMap":{"0":{"loc":{"start":{"line":47,"column":8},"end":{"line":49,"column":9}},"type":"if","locations":[{"start":{"line":47,"column":8},"end":{"line":49,"column":9}},{"start":{},"end":{}}],"line":47}},"s":{"0":2,"1":2,"2":2,"3":2,"4":2,"5":2,"6":0,"7":0,"8":0,"9":0,"10":2,"11":0,"12":0,"13":0,"14":0,"15":0,"16":2,"17":0,"18":0,"19":0,"20":0,"21":0,"22":0,"23":2,"24":0,"25":0,"26":0,"27":0,"28":0,"29":0,"30":0,"31":0,"32":2,"33":0,"34":0,"35":0,"36":0,"37":0,"38":2},"f":{"0":0,"1":0,"2":0,"3":0,"4":0},"b":{"0":[0,0]},"_coverageSchema":"1a1c01bbd47fc00a2c39e90264f33305004495a9","hash":"9e80ee45ac10871b5e2e53e9a7144bebcab998fd"}
,"C:\\Users\\andres.tejero\\Documents\\Proyectos NodeJS\\ApiTraks\\docs\\swagger.js": {"path":"C:\\Users\\andres.tejero\\Documents\\Proyectos NodeJS\\ApiTraks\\docs\\swagger.js","statementMap":{"0":{"start":{"line":1,"column":21},"end":{"line":1,"column":45}},"1":{"start":{"line":7,"column":26},"end":{"line":112,"column":1}},"2":{"start":{"line":118,"column":16},"end":{"line":123,"column":1}},"3":{"start":{"line":125,"column":29},"end":{"line":125,"column":50}},"4":{"start":{"line":128,"column":0},"end":{"line":128,"column":37}}},"fnMap":{},"branchMap":{},"s":{"0":2,"1":2,"2":2,"3":2,"4":2},"f":{},"b":{},"_coverageSchema":"1a1c01bbd47fc00a2c39e90264f33305004495a9","hash":"0f1fd1030fe16aab5d3b7c0b08b5a59590454dce"}
,"C:\\Users\\andres.tejero\\Documents\\Proyectos NodeJS\\ApiTraks\\middleware\\rol.js": {"path":"C:\\Users\\andres.tejero\\Documents\\Proyectos NodeJS\\ApiTraks\\middleware\\rol.js","statementMap":{"0":{"start":{"line":1,"column":28},"end":{"line":1,"column":59}},"1":{"start":{"line":8,"column":17},"end":{"line":22,"column":1}},"2":{"start":{"line":8,"column":28},"end":{"line":22,"column":1}},"3":{"start":{"line":9,"column":4},"end":{"line":21,"column":5}},"4":{"start":{"line":10,"column":23},"end":{"line":10,"column":26}},"5":{"start":{"line":11,"column":28},"end":{"line":11,"column":37}},"6":{"start":{"line":13,"column":31},"end":{"line":13,"column":91}},"7":{"start":{"line":13,"column":58},"end":{"line":13,"column":90}},"8":{"start":{"line":15,"column":8},"end":{"line":17,"column":9}},"9":{"start":{"line":16,"column":12},"end":{"line":16,"column":134}},"10":{"start":{"line":18,"column":8},"end":{"line":18,"column":15}},"11":{"start":{"line":20,"column":8},"end":{"line":20,"column":71}},"12":{"start":{"line":24,"column":0},"end":{"line":24,"column":30}}},"fnMap":{"0":{"name":"(anonymous_0)","decl":{"start":{"line":8,"column":17},"end":{"line":8,"column":18}},"loc":{"start":{"line":8,"column":28},"end":{"line":22,"column":1}},"line":8},"1":{"name":"(anonymous_1)","decl":{"start":{"line":8,"column":28},"end":{"line":8,"column":29}},"loc":{"start":{"line":8,"column":48},"end":{"line":22,"column":1}},"line":8},"2":{"name":"(anonymous_2)","decl":{"start":{"line":13,"column":42},"end":{"line":13,"column":43}},"loc":{"start":{"line":13,"column":58},"end":{"line":13,"column":90}},"line":13}},"branchMap":{"0":{"loc":{"start":{"line":15,"column":8},"end":{"line":17,"column":9}},"type":"if","locations":[{"start":{"line":15,"column":8},"end":{"line":17,"column":9}},{"start":{},"end":{}}],"line":15}},"s":{"0":2,"1":2,"2":20,"3":0,"4":0,"5":0,"6":0,"7":0,"8":0,"9":0,"10":0,"11":0,"12":2},"f":{"0":20,"1":0,"2":0},"b":{"0":[0,0]},"_coverageSchema":"1a1c01bbd47fc00a2c39e90264f33305004495a9","hash":"01f5e9faa63d343b4ea1b3f45feff35fa88f1c03"}
,"C:\\Users\\andres.tejero\\Documents\\Proyectos NodeJS\\ApiTraks\\middleware\\session.js": {"path":"C:\\Users\\andres.tejero\\Documents\\Proyectos NodeJS\\ApiTraks\\middleware\\session.js","statementMap":{"0":{"start":{"line":1,"column":24},"end":{"line":1,"column":53}},"1":{"start":{"line":2,"column":22},"end":{"line":2,"column":42}},"2":{"start":{"line":3,"column":28},"end":{"line":3,"column":59}},"3":{"start":{"line":7,"column":23},"end":{"line":32,"column":1}},"4":{"start":{"line":8,"column":4},"end":{"line":31,"column":5}},"5":{"start":{"line":10,"column":8},"end":{"line":12,"column":9}},"6":{"start":{"line":11,"column":12},"end":{"line":11,"column":89}},"7":{"start":{"line":14,"column":22},"end":{"line":14,"column":64}},"8":{"start":{"line":15,"column":26},"end":{"line":15,"column":50}},"9":{"start":{"line":17,"column":8},"end":{"line":19,"column":9}},"10":{"start":{"line":18,"column":12},"end":{"line":18,"column":101}},"11":{"start":{"line":20,"column":8},"end":{"line":22,"column":9}},"12":{"start":{"line":21,"column":12},"end":{"line":21,"column":71}},"13":{"start":{"line":25,"column":21},"end":{"line":25,"column":60}},"14":{"start":{"line":26,"column":8},"end":{"line":26,"column":24}},"15":{"start":{"line":28,"column":8},"end":{"line":28,"column":15}},"16":{"start":{"line":30,"column":8},"end":{"line":30,"column":67}},"17":{"start":{"line":34,"column":0},"end":{"line":34,"column":36}}},"fnMap":{"0":{"name":"(anonymous_0)","decl":{"start":{"line":7,"column":23},"end":{"line":7,"column":24}},"loc":{"start":{"line":7,"column":49},"end":{"line":32,"column":1}},"line":7}},"branchMap":{"0":{"loc":{"start":{"line":10,"column":8},"end":{"line":12,"column":9}},"type":"if","locations":[{"start":{"line":10,"column":8},"end":{"line":12,"column":9}},{"start":{},"end":{}}],"line":10},"1":{"loc":{"start":{"line":17,"column":8},"end":{"line":19,"column":9}},"type":"if","locations":[{"start":{"line":17,"column":8},"end":{"line":19,"column":9}},{"start":{},"end":{}}],"line":17},"2":{"loc":{"start":{"line":20,"column":8},"end":{"line":22,"column":9}},"type":"if","locations":[{"start":{"line":20,"column":8},"end":{"line":22,"column":9}},{"start":{},"end":{}}],"line":20}},"s":{"0":2,"1":2,"2":2,"3":2,"4":1,"5":1,"6":0,"7":1,"8":1,"9":1,"10":0,"11":1,"12":0,"13":1,"14":1,"15":1,"16":0,"17":2},"f":{"0":1},"b":{"0":[0,1],"1":[0,1],"2":[0,1]},"_coverageSchema":"1a1c01bbd47fc00a2c39e90264f33305004495a9","hash":"cf39b342e3ff4f4dcf5cc51b64a61719b16f653f"}
,"C:\\Users\\andres.tejero\\Documents\\Proyectos NodeJS\\ApiTraks\\middleware\\uploadFile.js": {"path":"C:\\Users\\andres.tejero\\Documents\\Proyectos NodeJS\\ApiTraks\\middleware\\uploadFile.js","statementMap":{"0":{"start":{"line":2,"column":28},"end":{"line":2,"column":59}},"1":{"start":{"line":5,"column":25},"end":{"line":17,"column":1}},"2":{"start":{"line":6,"column":4},"end":{"line":16,"column":5}},"3":{"start":{"line":7,"column":8},"end":{"line":9,"column":9}},"4":{"start":{"line":8,"column":12},"end":{"line":8,"column":100}},"5":{"start":{"line":10,"column":9},"end":{"line":12,"column":11}},"6":{"start":{"line":11,"column":12},"end":{"line":11,"column":77}},"7":{"start":{"line":13,"column":8},"end":{"line":13,"column":15}},"8":{"start":{"line":15,"column":8},"end":{"line":15,"column":62}},"9":{"start":{"line":19,"column":0},"end":{"line":19,"column":38}}},"fnMap":{"0":{"name":"(anonymous_0)","decl":{"start":{"line":5,"column":25},"end":{"line":5,"column":26}},"loc":{"start":{"line":5,"column":45},"end":{"line":17,"column":1}},"line":5}},"branchMap":{"0":{"loc":{"start":{"line":7,"column":8},"end":{"line":9,"column":9}},"type":"if","locations":[{"start":{"line":7,"column":8},"end":{"line":9,"column":9}},{"start":{},"end":{}}],"line":7},"1":{"loc":{"start":{"line":10,"column":9},"end":{"line":12,"column":11}},"type":"if","locations":[{"start":{"line":10,"column":9},"end":{"line":12,"column":11}},{"start":{},"end":{}}],"line":10}},"s":{"0":2,"1":2,"2":0,"3":0,"4":0,"5":0,"6":0,"7":0,"8":0,"9":2},"f":{"0":0},"b":{"0":[0,0],"1":[0,0]},"_coverageSchema":"1a1c01bbd47fc00a2c39e90264f33305004495a9","hash":"6900bea7a1b2d881d336d8b38bb6bdd7521153ee"}
,"C:\\Users\\andres.tejero\\Documents\\Proyectos NodeJS\\ApiTraks\\models\\index.js": {"path":"C:\\Users\\andres.tejero\\Documents\\Proyectos NodeJS\\ApiTraks\\models\\index.js","statementMap":{"0":{"start":{"line":1,"column":15},"end":{"line":5,"column":1}},"1":{"start":{"line":7,"column":0},"end":{"line":7,"column":24}}},"fnMap":{},"branchMap":{},"s":{"0":2,"1":2},"f":{},"b":{},"_coverageSchema":"1a1c01bbd47fc00a2c39e90264f33305004495a9","hash":"43264f1e2a841f9839392cd3a8168ca249fcdae7"}
,"C:\\Users\\andres.tejero\\Documents\\Proyectos NodeJS\\ApiTraks\\models\\nosql\\storage.js": {"path":"C:\\Users\\andres.tejero\\Documents\\Proyectos NodeJS\\ApiTraks\\models\\nosql\\storage.js","statementMap":{"0":{"start":{"line":2,"column":17},"end":{"line":2,"column":36}},"1":{"start":{"line":3,"column":23},"end":{"line":3,"column":49}},"2":{"start":{"line":5,"column":22},"end":{"line":18,"column":1}},"3":{"start":{"line":20,"column":0},"end":{"line":20,"column":64}},"4":{"start":{"line":23,"column":0},"end":{"line":23,"column":66}}},"fnMap":{},"branchMap":{},"s":{"0":2,"1":2,"2":2,"3":2,"4":2},"f":{},"b":{},"_coverageSchema":"1a1c01bbd47fc00a2c39e90264f33305004495a9","hash":"2d069a3d0022c0a0a6fb9c1862d2dd5854434963"}
,"C:\\Users\\andres.tejero\\Documents\\Proyectos NodeJS\\ApiTraks\\models\\nosql\\traks.js": {"path":"C:\\Users\\andres.tejero\\Documents\\Proyectos NodeJS\\ApiTraks\\models\\nosql\\traks.js","statementMap":{"0":{"start":{"line":2,"column":17},"end":{"line":2,"column":36}},"1":{"start":{"line":3,"column":23},"end":{"line":3,"column":49}},"2":{"start":{"line":5,"column":20},"end":{"line":49,"column":1}},"3":{"start":{"line":17,"column":20},"end":{"line":17,"column":32}},"4":{"start":{"line":54,"column":0},"end":{"line":69,"column":2}},"5":{"start":{"line":55,"column":21},"end":{"line":67,"column":6}},"6":{"start":{"line":68,"column":4},"end":{"line":68,"column":19}},"7":{"start":{"line":76,"column":0},"end":{"line":96,"column":2}},"8":{"start":{"line":77,"column":21},"end":{"line":94,"column":6}},"9":{"start":{"line":95,"column":4},"end":{"line":95,"column":19}},"10":{"start":{"line":99,"column":0},"end":{"line":99,"column":62}},"11":{"start":{"line":102,"column":0},"end":{"line":102,"column":58}}},"fnMap":{"0":{"name":"(anonymous_0)","decl":{"start":{"line":16,"column":27},"end":{"line":16,"column":28}},"loc":{"start":{"line":16,"column":36},"end":{"line":18,"column":17}},"line":16},"1":{"name":"(anonymous_1)","decl":{"start":{"line":54,"column":34},"end":{"line":54,"column":35}},"loc":{"start":{"line":54,"column":46},"end":{"line":69,"column":1}},"line":54},"2":{"name":"(anonymous_2)","decl":{"start":{"line":76,"column":34},"end":{"line":76,"column":35}},"loc":{"start":{"line":76,"column":48},"end":{"line":96,"column":1}},"line":76}},"branchMap":{},"s":{"0":2,"1":2,"2":2,"3":0,"4":2,"5":0,"6":0,"7":2,"8":0,"9":0,"10":2,"11":2},"f":{"0":0,"1":0,"2":0},"b":{},"_coverageSchema":"1a1c01bbd47fc00a2c39e90264f33305004495a9","hash":"198106944237788216c8cc59691e0eaf3ab0c62a"}
,"C:\\Users\\andres.tejero\\Documents\\Proyectos NodeJS\\ApiTraks\\models\\nosql\\users.js": {"path":"C:\\Users\\andres.tejero\\Documents\\Proyectos NodeJS\\ApiTraks\\models\\nosql\\users.js","statementMap":{"0":{"start":{"line":2,"column":17},"end":{"line":2,"column":36}},"1":{"start":{"line":3,"column":23},"end":{"line":3,"column":49}},"2":{"start":{"line":5,"column":19},"end":{"line":30,"column":1}},"3":{"start":{"line":32,"column":0},"end":{"line":32,"column":61}},"4":{"start":{"line":35,"column":0},"end":{"line":35,"column":56}}},"fnMap":{},"branchMap":{},"s":{"0":2,"1":2,"2":2,"3":2,"4":2},"f":{},"b":{},"_coverageSchema":"1a1c01bbd47fc00a2c39e90264f33305004495a9","hash":"f36148fa32e689eabe7f99183320e003e24474e3"}
,"C:\\Users\\andres.tejero\\Documents\\Proyectos NodeJS\\ApiTraks\\routes\\auth.js": {"path":"C:\\Users\\andres.tejero\\Documents\\Proyectos NodeJS\\ApiTraks\\routes\\auth.js","statementMap":{"0":{"start":{"line":1,"column":16},"end":{"line":1,"column":34}},"1":{"start":{"line":2,"column":46},"end":{"line":2,"column":75}},"2":{"start":{"line":3,"column":28},"end":{"line":3,"column":58}},"3":{"start":{"line":5,"column":15},"end":{"line":5,"column":31}},"4":{"start":{"line":27,"column":0},"end":{"line":27,"column":54}},"5":{"start":{"line":47,"column":0},"end":{"line":47,"column":45}},"6":{"start":{"line":49,"column":0},"end":{"line":49,"column":24}}},"fnMap":{},"branchMap":{},"s":{"0":2,"1":2,"2":2,"3":2,"4":2,"5":2,"6":2},"f":{},"b":{},"_coverageSchema":"1a1c01bbd47fc00a2c39e90264f33305004495a9","hash":"068671cb4e4c6a0a7135da863c18cf2e564175e2"}
,"C:\\Users\\andres.tejero\\Documents\\Proyectos NodeJS\\ApiTraks\\routes\\index.js": {"path":"C:\\Users\\andres.tejero\\Documents\\Proyectos NodeJS\\ApiTraks\\routes\\index.js","statementMap":{"0":{"start":{"line":2,"column":16},"end":{"line":2,"column":34}},"1":{"start":{"line":3,"column":11},"end":{"line":3,"column":24}},"2":{"start":{"line":5,"column":15},"end":{"line":5,"column":31}},"3":{"start":{"line":8,"column":20},"end":{"line":8,"column":29}},"4":{"start":{"line":10,"column":24},"end":{"line":12,"column":1}},"5":{"start":{"line":11,"column":4},"end":{"line":11,"column":39}},"6":{"start":{"line":15,"column":0},"end":{"line":21,"column":3}},"7":{"start":{"line":16,"column":17},"end":{"line":16,"column":38}},"8":{"start":{"line":17,"column":4},"end":{"line":20,"column":5}},"9":{"start":{"line":19,"column":8},"end":{"line":19,"column":53}},"10":{"start":{"line":23,"column":0},"end":{"line":23,"column":24}}},"fnMap":{"0":{"name":"(anonymous_0)","decl":{"start":{"line":10,"column":24},"end":{"line":10,"column":25}},"loc":{"start":{"line":10,"column":38},"end":{"line":12,"column":1}},"line":10},"1":{"name":"(anonymous_1)","decl":{"start":{"line":15,"column":35},"end":{"line":15,"column":36}},"loc":{"start":{"line":15,"column":45},"end":{"line":21,"column":1}},"line":15}},"branchMap":{"0":{"loc":{"start":{"line":17,"column":4},"end":{"line":20,"column":5}},"type":"if","locations":[{"start":{"line":17,"column":4},"end":{"line":20,"column":5}},{"start":{},"end":{}}],"line":17}},"s":{"0":2,"1":2,"2":2,"3":2,"4":2,"5":10,"6":2,"7":10,"8":10,"9":8,"10":2},"f":{"0":10,"1":10},"b":{"0":[8,2]},"_coverageSchema":"1a1c01bbd47fc00a2c39e90264f33305004495a9","hash":"1769798418e848d9d39287d12607c76e27d69edd"}
,"C:\\Users\\andres.tejero\\Documents\\Proyectos NodeJS\\ApiTraks\\routes\\storage.js": {"path":"C:\\Users\\andres.tejero\\Documents\\Proyectos NodeJS\\ApiTraks\\routes\\storage.js","statementMap":{"0":{"start":{"line":2,"column":16},"end":{"line":2,"column":34}},"1":{"start":{"line":3,"column":25},"end":{"line":3,"column":58}},"2":{"start":{"line":4,"column":65},"end":{"line":4,"column":98}},"3":{"start":{"line":5,"column":29},"end":{"line":5,"column":61}},"4":{"start":{"line":6,"column":27},"end":{"line":6,"column":59}},"5":{"start":{"line":7,"column":21},"end":{"line":7,"column":49}},"6":{"start":{"line":8,"column":29},"end":{"line":8,"column":64}},"7":{"start":{"line":10,"column":15},"end":{"line":10,"column":31}},"8":{"start":{"line":37,"column":0},"end":{"line":37,"column":102}},"9":{"start":{"line":59,"column":0},"end":{"line":59,"column":42}},"10":{"start":{"line":86,"column":0},"end":{"line":86,"column":62}},"11":{"start":{"line":89,"column":0},"end":{"line":89,"column":68}},"12":{"start":{"line":116,"column":0},"end":{"line":116,"column":71}},"13":{"start":{"line":119,"column":0},"end":{"line":119,"column":24}}},"fnMap":{},"branchMap":{},"s":{"0":2,"1":2,"2":2,"3":2,"4":2,"5":2,"6":2,"7":2,"8":2,"9":2,"10":2,"11":2,"12":2,"13":2},"f":{},"b":{},"_coverageSchema":"1a1c01bbd47fc00a2c39e90264f33305004495a9","hash":"2a88b227326d623dd12794d44a2da81d0f126910"}
,"C:\\Users\\andres.tejero\\Documents\\Proyectos NodeJS\\ApiTraks\\routes\\tracks.js": {"path":"C:\\Users\\andres.tejero\\Documents\\Proyectos NodeJS\\ApiTraks\\routes\\tracks.js","statementMap":{"0":{"start":{"line":2,"column":16},"end":{"line":2,"column":34}},"1":{"start":{"line":3,"column":66},"end":{"line":3,"column":98}},"2":{"start":{"line":4,"column":21},"end":{"line":4,"column":49}},"3":{"start":{"line":5,"column":27},"end":{"line":5,"column":59}},"4":{"start":{"line":6,"column":50},"end":{"line":6,"column":81}},"5":{"start":{"line":8,"column":15},"end":{"line":8,"column":31}},"6":{"start":{"line":29,"column":0},"end":{"line":29,"column":42}},"7":{"start":{"line":55,"column":0},"end":{"line":55,"column":62}},"8":{"start":{"line":74,"column":0},"end":{"line":74,"column":87}},"9":{"start":{"line":77,"column":0},"end":{"line":77,"column":107}},"10":{"start":{"line":104,"column":0},"end":{"line":104,"column":89}},"11":{"start":{"line":107,"column":0},"end":{"line":107,"column":24}}},"fnMap":{},"branchMap":{},"s":{"0":2,"1":2,"2":2,"3":2,"4":2,"5":2,"6":2,"7":2,"8":2,"9":2,"10":2,"11":2},"f":{},"b":{},"_coverageSchema":"1a1c01bbd47fc00a2c39e90264f33305004495a9","hash":"21ecff609dc6ec8e79c5ec72c1dfe288f68e44a9"}
,"C:\\Users\\andres.tejero\\Documents\\Proyectos NodeJS\\ApiTraks\\routes\\users.js": {"path":"C:\\Users\\andres.tejero\\Documents\\Proyectos NodeJS\\ApiTraks\\routes\\users.js","statementMap":{"0":{"start":{"line":2,"column":16},"end":{"line":2,"column":34}},"1":{"start":{"line":3,"column":27},"end":{"line":3,"column":59}},"2":{"start":{"line":4,"column":21},"end":{"line":4,"column":49}},"3":{"start":{"line":5,"column":30},"end":{"line":5,"column":59}},"4":{"start":{"line":6,"column":29},"end":{"line":6,"column":60}},"5":{"start":{"line":7,"column":66},"end":{"line":7,"column":97}},"6":{"start":{"line":9,"column":15},"end":{"line":9,"column":31}},"7":{"start":{"line":11,"column":0},"end":{"line":11,"column":63}},"8":{"start":{"line":12,"column":0},"end":{"line":12,"column":62}},"9":{"start":{"line":13,"column":0},"end":{"line":13,"column":85}},"10":{"start":{"line":14,"column":0},"end":{"line":14,"column":113}},"11":{"start":{"line":15,"column":0},"end":{"line":15,"column":89}},"12":{"start":{"line":17,"column":0},"end":{"line":17,"column":24}}},"fnMap":{},"branchMap":{},"s":{"0":2,"1":2,"2":2,"3":2,"4":2,"5":2,"6":2,"7":2,"8":2,"9":2,"10":2,"11":2,"12":2},"f":{},"b":{},"_coverageSchema":"1a1c01bbd47fc00a2c39e90264f33305004495a9","hash":"48cf5806d00164c6e22e04305e9d161cc0bcc1e9"}
,"C:\\Users\\andres.tejero\\Documents\\Proyectos NodeJS\\ApiTraks\\utils\\handleError.js": {"path":"C:\\Users\\andres.tejero\\Documents\\Proyectos NodeJS\\ApiTraks\\utils\\handleError.js","statementMap":{"0":{"start":{"line":2,"column":24},"end":{"line":6,"column":1}},"1":{"start":{"line":4,"column":4},"end":{"line":4,"column":46}},"2":{"start":{"line":8,"column":0},"end":{"line":8,"column":37}}},"fnMap":{"0":{"name":"(anonymous_0)","decl":{"start":{"line":2,"column":24},"end":{"line":2,"column":25}},"loc":{"start":{"line":2,"column":75},"end":{"line":6,"column":1}},"line":2}},"branchMap":{"0":{"loc":{"start":{"line":2,"column":30},"end":{"line":2,"column":58}},"type":"default-arg","locations":[{"start":{"line":2,"column":40},"end":{"line":2,"column":58}}],"line":2},"1":{"loc":{"start":{"line":2,"column":60},"end":{"line":2,"column":70}},"type":"default-arg","locations":[{"start":{"line":2,"column":67},"end":{"line":2,"column":70}}],"line":2}},"s":{"0":2,"1":2,"2":2},"f":{"0":2},"b":{"0":[0],"1":[0]},"_coverageSchema":"1a1c01bbd47fc00a2c39e90264f33305004495a9","hash":"737b32af9c45c409d185362d96cf44cb3fe59563"}
,"C:\\Users\\andres.tejero\\Documents\\Proyectos NodeJS\\ApiTraks\\utils\\handleJwt.js": {"path":"C:\\Users\\andres.tejero\\Documents\\Proyectos NodeJS\\ApiTraks\\utils\\handleJwt.js","statementMap":{"0":{"start":{"line":2,"column":12},"end":{"line":2,"column":35}},"1":{"start":{"line":3,"column":15},"end":{"line":3,"column":41}},"2":{"start":{"line":5,"column":19},"end":{"line":5,"column":41}},"3":{"start":{"line":11,"column":18},"end":{"line":23,"column":1}},"4":{"start":{"line":12,"column":17},"end":{"line":21,"column":5}},"5":{"start":{"line":22,"column":4},"end":{"line":22,"column":16}},"6":{"start":{"line":30,"column":20},"end":{"line":37,"column":1}},"7":{"start":{"line":31,"column":4},"end":{"line":36,"column":5}},"8":{"start":{"line":32,"column":8},"end":{"line":32,"column":48}},"9":{"start":{"line":35,"column":8},"end":{"line":35,"column":19}},"10":{"start":{"line":40,"column":0},"end":{"line":40,"column":44}}},"fnMap":{"0":{"name":"(anonymous_0)","decl":{"start":{"line":11,"column":18},"end":{"line":11,"column":19}},"loc":{"start":{"line":11,"column":34},"end":{"line":23,"column":1}},"line":11},"1":{"name":"(anonymous_1)","decl":{"start":{"line":30,"column":20},"end":{"line":30,"column":21}},"loc":{"start":{"line":30,"column":40},"end":{"line":37,"column":1}},"line":30}},"branchMap":{},"s":{"0":2,"1":2,"2":2,"3":2,"4":1,"5":1,"6":2,"7":1,"8":1,"9":0,"10":2},"f":{"0":1,"1":1},"b":{},"_coverageSchema":"1a1c01bbd47fc00a2c39e90264f33305004495a9","hash":"3b01bf8b38b458ba5839810c349b7e716c06ab4e"}
,"C:\\Users\\andres.tejero\\Documents\\Proyectos NodeJS\\ApiTraks\\utils\\handlePassword.js": {"path":"C:\\Users\\andres.tejero\\Documents\\Proyectos NodeJS\\ApiTraks\\utils\\handlePassword.js","statementMap":{"0":{"start":{"line":1,"column":17},"end":{"line":1,"column":36}},"1":{"start":{"line":4,"column":16},"end":{"line":7,"column":1}},"2":{"start":{"line":5,"column":17},"end":{"line":5,"column":55}},"3":{"start":{"line":6,"column":4},"end":{"line":6,"column":16}},"4":{"start":{"line":14,"column":16},"end":{"line":16,"column":1}},"5":{"start":{"line":15,"column":4},"end":{"line":15,"column":63}},"6":{"start":{"line":19,"column":0},"end":{"line":19,"column":38}}},"fnMap":{"0":{"name":"(anonymous_0)","decl":{"start":{"line":4,"column":16},"end":{"line":4,"column":17}},"loc":{"start":{"line":4,"column":41},"end":{"line":7,"column":1}},"line":4},"1":{"name":"(anonymous_1)","decl":{"start":{"line":14,"column":16},"end":{"line":14,"column":17}},"loc":{"start":{"line":14,"column":55},"end":{"line":16,"column":1}},"line":14}},"branchMap":{},"s":{"0":2,"1":2,"2":0,"3":0,"4":2,"5":0,"6":2},"f":{"0":0,"1":0},"b":{},"_coverageSchema":"1a1c01bbd47fc00a2c39e90264f33305004495a9","hash":"fad993cf9b1be22e37fc5b6960d7a0912c11e45d"}
,"C:\\Users\\andres.tejero\\Documents\\Proyectos NodeJS\\ApiTraks\\utils\\handleStorage.js": {"path":"C:\\Users\\andres.tejero\\Documents\\Proyectos NodeJS\\ApiTraks\\utils\\handleStorage.js","statementMap":{"0":{"start":{"line":1,"column":15},"end":{"line":1,"column":32}},"1":{"start":{"line":4,"column":16},"end":{"line":19,"column":2}},"2":{"start":{"line":7,"column":28},"end":{"line":7,"column":53}},"3":{"start":{"line":8,"column":8},"end":{"line":8,"column":30}},"4":{"start":{"line":11,"column":20},"end":{"line":11,"column":54}},"5":{"start":{"line":14,"column":8},"end":{"line":14,"column":26}},"6":{"start":{"line":15,"column":20},"end":{"line":15,"column":56}},"7":{"start":{"line":16,"column":25},"end":{"line":16,"column":56}},"8":{"start":{"line":17,"column":8},"end":{"line":17,"column":27}},"9":{"start":{"line":22,"column":25},"end":{"line":22,"column":61}},"10":{"start":{"line":24,"column":0},"end":{"line":24,"column":34}}},"fnMap":{"0":{"name":"(anonymous_0)","decl":{"start":{"line":6,"column":17},"end":{"line":6,"column":18}},"loc":{"start":{"line":6,"column":42},"end":{"line":9,"column":5}},"line":6},"1":{"name":"(anonymous_1)","decl":{"start":{"line":10,"column":14},"end":{"line":10,"column":15}},"loc":{"start":{"line":10,"column":39},"end":{"line":18,"column":5}},"line":10}},"branchMap":{},"s":{"0":2,"1":2,"2":0,"3":0,"4":0,"5":0,"6":0,"7":0,"8":0,"9":2,"10":2},"f":{"0":0,"1":0},"b":{},"_coverageSchema":"1a1c01bbd47fc00a2c39e90264f33305004495a9","hash":"d57f42f661b2355890f800258be335e722e31d2c"}
,"C:\\Users\\andres.tejero\\Documents\\Proyectos NodeJS\\ApiTraks\\utils\\handleValidator.js": {"path":"C:\\Users\\andres.tejero\\Documents\\Proyectos NodeJS\\ApiTraks\\utils\\handleValidator.js","statementMap":{"0":{"start":{"line":1,"column":29},"end":{"line":1,"column":57}},"1":{"start":{"line":3,"column":24},"end":{"line":10,"column":1}},"2":{"start":{"line":4,"column":4},"end":{"line":9,"column":5}},"3":{"start":{"line":5,"column":8},"end":{"line":5,"column":38}},"4":{"start":{"line":6,"column":8},"end":{"line":6,"column":22}},"5":{"start":{"line":8,"column":8},"end":{"line":8,"column":84}},"6":{"start":{"line":12,"column":0},"end":{"line":12,"column":33}}},"fnMap":{"0":{"name":"(anonymous_0)","decl":{"start":{"line":3,"column":24},"end":{"line":3,"column":25}},"loc":{"start":{"line":3,"column":44},"end":{"line":10,"column":1}},"line":3}},"branchMap":{},"s":{"0":2,"1":2,"2":2,"3":2,"4":2,"5":0,"6":2},"f":{"0":2},"b":{},"_coverageSchema":"1a1c01bbd47fc00a2c39e90264f33305004495a9","hash":"891870852a9615b4f825916a9dbc7404c98ac6e0"}
,"C:\\Users\\andres.tejero\\Documents\\Proyectos NodeJS\\ApiTraks\\validators\\auth.js": {"path":"C:\\Users\\andres.tejero\\Documents\\Proyectos NodeJS\\ApiTraks\\validators\\auth.js","statementMap":{"0":{"start":{"line":1,"column":18},"end":{"line":1,"column":46}},"1":{"start":{"line":2,"column":24},"end":{"line":2,"column":59}},"2":{"start":{"line":7,"column":27},"end":{"line":15,"column":2}},"3":{"start":{"line":13,"column":8},"end":{"line":13,"column":46}},"4":{"start":{"line":17,"column":24},"end":{"line":23,"column":2}},"5":{"start":{"line":21,"column":8},"end":{"line":21,"column":46}},"6":{"start":{"line":25,"column":1},"end":{"line":25,"column":55}}},"fnMap":{"0":{"name":"(anonymous_0)","decl":{"start":{"line":12,"column":4},"end":{"line":12,"column":5}},"loc":{"start":{"line":12,"column":24},"end":{"line":14,"column":5}},"line":12},"1":{"name":"(anonymous_1)","decl":{"start":{"line":20,"column":4},"end":{"line":20,"column":5}},"loc":{"start":{"line":20,"column":24},"end":{"line":22,"column":5}},"line":20}},"branchMap":{},"s":{"0":2,"1":2,"2":2,"3":1,"4":2,"5":1,"6":2},"f":{"0":1,"1":1},"b":{},"_coverageSchema":"1a1c01bbd47fc00a2c39e90264f33305004495a9","hash":"37771d7d0153e6c7a2ec54bcec9346606713a3cd"}
,"C:\\Users\\andres.tejero\\Documents\\Proyectos NodeJS\\ApiTraks\\validators\\storage.js": {"path":"C:\\Users\\andres.tejero\\Documents\\Proyectos NodeJS\\ApiTraks\\validators\\storage.js","statementMap":{"0":{"start":{"line":1,"column":18},"end":{"line":1,"column":46}},"1":{"start":{"line":2,"column":24},"end":{"line":2,"column":59}},"2":{"start":{"line":7,"column":26},"end":{"line":12,"column":2}},"3":{"start":{"line":10,"column":8},"end":{"line":10,"column":46}},"4":{"start":{"line":14,"column":1},"end":{"line":14,"column":38}}},"fnMap":{"0":{"name":"(anonymous_0)","decl":{"start":{"line":9,"column":4},"end":{"line":9,"column":5}},"loc":{"start":{"line":9,"column":24},"end":{"line":11,"column":5}},"line":9}},"branchMap":{},"s":{"0":2,"1":2,"2":2,"3":0,"4":2},"f":{"0":0},"b":{},"_coverageSchema":"1a1c01bbd47fc00a2c39e90264f33305004495a9","hash":"9c159ed4461b106af63393e84ff912c274b33d5b"}
,"C:\\Users\\andres.tejero\\Documents\\Proyectos NodeJS\\ApiTraks\\validators\\tracks.js": {"path":"C:\\Users\\andres.tejero\\Documents\\Proyectos NodeJS\\ApiTraks\\validators\\tracks.js","statementMap":{"0":{"start":{"line":1,"column":18},"end":{"line":1,"column":46}},"1":{"start":{"line":2,"column":24},"end":{"line":2,"column":59}},"2":{"start":{"line":5,"column":29},"end":{"line":20,"column":2}},"3":{"start":{"line":18,"column":8},"end":{"line":18,"column":46}},"4":{"start":{"line":22,"column":26},"end":{"line":27,"column":2}},"5":{"start":{"line":25,"column":8},"end":{"line":25,"column":46}},"6":{"start":{"line":29,"column":1},"end":{"line":29,"column":59}}},"fnMap":{"0":{"name":"(anonymous_0)","decl":{"start":{"line":17,"column":4},"end":{"line":17,"column":5}},"loc":{"start":{"line":17,"column":24},"end":{"line":19,"column":5}},"line":17},"1":{"name":"(anonymous_1)","decl":{"start":{"line":24,"column":4},"end":{"line":24,"column":5}},"loc":{"start":{"line":24,"column":24},"end":{"line":26,"column":5}},"line":24}},"branchMap":{},"s":{"0":2,"1":2,"2":2,"3":0,"4":2,"5":0,"6":2},"f":{"0":0,"1":0},"b":{},"_coverageSchema":"1a1c01bbd47fc00a2c39e90264f33305004495a9","hash":"b819adf45a8cafc6a1fabe15126e0fbab62e722c"}
}
